2020-10-24 15:20:19 hello FileLogger
2020-10-24 15:20:20 Simple Context is now starting!
2020-10-24 15:20:20 Simple Context has started!
2020-10-24 15:20:58 hello FileLogger
2020-10-24 15:20:58 Simple Context is now starting!
2020-10-24 15:20:58 Simple Context has started!
2020-10-24 15:24:00 Simple Context is now stopping!
2020-10-24 15:24:00 Simple Context is stopped!
2020-10-24 21:26:37 hello FileLogger
2020-10-24 21:26:37 Simple Context is now starting!
2020-10-24 21:26:37 Simple Context has started!
2020-10-24 21:26:52 hello FileLogger
2020-10-24 21:26:52 Simple Context is now starting!
2020-10-24 21:26:52 Simple Context has started!
2020-10-24 21:30:37 hello FileLogger
2020-10-24 21:30:37 Simple Context is now starting!
2020-10-24 21:30:37 Simple Context has started!
2020-10-24 21:31:07 hello FileLogger
2020-10-24 21:31:07 Simple Context is now starting!
2020-10-24 21:31:07 Simple Context has started!
2020-10-24 21:31:23 Simple Context is now stopping!
2020-10-24 21:31:23 Simple Context is stopped!
2020-10-24 21:31:28 hello FileLogger
2020-10-24 21:31:28 Simple Context is now starting!
2020-10-24 21:31:28 Simple Context has started!
2020-10-24 21:34:52 Simple Context is now stopping!
2020-10-24 21:34:52 Simple Context is stopped!
2020-10-24 21:35:42 hello FileLogger
2020-10-24 21:35:42 Simple Context is now starting!
2020-10-24 21:35:42 Simple Context has started!
2020-10-24 21:38:01 hello FileLogger
2020-10-24 21:38:01 Simple Context is now starting!
2020-10-24 21:38:01 Simple Context has started!
2020-10-24 22:04:42 Simple Context is now stopping!
2020-10-24 22:04:42 Simple Context is stopped!
2020-10-24 22:04:48 hello FileLogger
2020-10-24 22:04:48 Simple Context is now starting!
2020-10-24 22:04:48 Simple Context has started!
2020-10-24 22:06:33 hello FileLogger
2020-10-24 22:06:33 Simple Context is now starting!
2020-10-24 22:06:33 Simple Context has started!
